[1591591170.807][INFO]: Starting ChromeDriver 83.0.4103.39 (ccbf011cb2d2b19b506d844400483861342c20cd-refs/branch-heads/4103@{#416}) on port 2789
[1591591170.807][INFO]: Please see https://chromedriver.chromium.org/security-considerations for suggestions on keeping ChromeDriver safe.
[1591591171.245][INFO]: [4046697ef3683f2304f9d652bc3a1392] COMMAND InitSession {
   "capabilities": {
      "desiredCapabilities": {
         "browserName": "chrome",
         "goog:chromeOptions": {
            "args": [ "headless", "--no-sandbox" ],
            "extensions": [  ]
         }
      },
      "firstMatch": [ {
         "browserName": "chrome",
         "goog:chromeOptions": {
            "args": [ "headless", "--no-sandbox" ],
            "extensions": [  ]
         }
      } ]
   },
   "desiredCapabilities": {
      "browserName": "chrome",
      "goog:chromeOptions": {
         "args": [ "headless", "--no-sandbox" ],
         "extensions": [  ]
      }
   }
}
[1591591171.245][INFO]: Populating Preferences file: {
   "alternate_error_pages": {
      "enabled": false
   },
   "autofill": {
      "enabled": false
   },
   "browser": {
      "check_default_browser": false
   },
   "distribution": {
      "import_bookmarks": false,
      "import_history": false,
      "import_search_engine": false,
      "make_chrome_default_for_user": false,
      "skip_first_run_ui": true
   },
   "dns_prefetching": {
      "enabled": false
   },
   "profile": {
      "content_settings": {
         "pattern_pairs": {
            "https://*,*": {
               "media-stream": {
                  "audio": "Default",
                  "video": "Default"
               }
            }
         }
      },
      "default_content_setting_values": {
         "geolocation": 1
      },
      "default_content_settings": {
         "geolocation": 1,
         "mouselock": 1,
         "notifications": 1,
         "popups": 1,
         "ppapi-broker": 1
      },
      "password_manager_enabled": false
   },
   "safebrowsing": {
      "enabled": false
   },
   "search": {
      "suggest_enabled": false
   },
   "translate": {
      "enabled": false
   }
}
[1591591171.245][INFO]: Populating Local State file: {
   "background_mode": {
      "enabled": false
   },
   "ssl": {
      "rev_checking": {
         "enabled": false
      }
   }
}
[1591591171.245][INFO]: Launching chrome: /usr/bin/google-chrome --disable-background-networking --disable-client-side-phishing-detection --disable-default-apps --disable-hang-monitor --disable-popup-blocking --disable-prompt-on-repost --disable-sync --enable-automation --enable-blink-features=ShadowDOMV0 --enable-logging --headless --load-extension=/tmp/.com.google.Chrome.xgM9Sv/internal --log-level=0 --no-first-run --no-sandbox --password-store=basic --remote-debugging-port=0 --test-type=webdriver --use-mock-keychain --user-data-dir=/tmp/.com.google.Chrome.Ztgn8Y data:,

DevTools listening on ws://127.0.0.1:33815/devtools/browser/394edae5-5c8b-4a47-97b9-69f0a5fc08ed
[1591591171.397][DEBUG]: DevTools HTTP Request: http://localhost:33815/json/version
[1591591171.399][DEBUG]: DevTools HTTP Response: {
   "Browser": "HeadlessChrome/83.0.4103.97",
   "Protocol-Version": "1.3",
   "User-Agent": "Mozilla/5.0 (X11; Linux x86_64) AppleWebKit/537.36 (KHTML, like Gecko) HeadlessChrome/83.0.4103.97 Safari/537.36",
   "V8-Version": "8.3.110.9",
   "WebKit-Version": "537.36 (@326d148b9655369b86498d9ecca39f63dd2bdd2d)",
   "webSocketDebuggerUrl": "ws://localhost:33815/devtools/browser/394edae5-5c8b-4a47-97b9-69f0a5fc08ed"
}

[1591591171.400][DEBUG]: DevTools HTTP Request: http://localhost:33815/json/list
[1591591171.400][DEBUG]: DevTools HTTP Response: [ {
   "description": "",
   "devtoolsFrontendUrl": "/devtools/inspector.html?ws=localhost:33815/devtools/page/8D501A31EA819ACA5B130EFFFC4D1CF4",
   "id": "8D501A31EA819ACA5B130EFFFC4D1CF4",
   "title": "",
   "type": "page",
   "url": "data:,",
   "webSocketDebuggerUrl": "ws://localhost:33815/devtools/page/8D501A31EA819ACA5B130EFFFC4D1CF4"
} ]

[1591591171.401][DEBUG]: DevTools HTTP Request: http://localhost:33815/json/list
[1591591171.401][DEBUG]: DevTools HTTP Response: [ {
   "description": "",
   "devtoolsFrontendUrl": "/devtools/inspector.html?ws=localhost:33815/devtools/page/8D501A31EA819ACA5B130EFFFC4D1CF4",
   "id": "8D501A31EA819ACA5B130EFFFC4D1CF4",
   "title": "",
   "type": "page",
   "url": "data:,",
   "webSocketDebuggerUrl": "ws://localhost:33815/devtools/page/8D501A31EA819ACA5B130EFFFC4D1CF4"
} ]

[1591591171.402][INFO]: resolved localhost to ["127.0.0.1"]
[1591591171.403][DEBUG]: DevTools WebSocket Command: Page.addScriptToEvaluateOnNewDocument (id=1) 8D501A31EA819ACA5B130EFFFC4D1CF4 {
   "source": "(function () {window.cdc_adoQpoasnfa76pfcZLmcfl_Array = window.Array;window.cdc_adoQpoasnfa76pfcZLmcfl_Promise = window.Promise;window.cdc_adoQpoasnfa76pfcZLmcfl_Symbol = window.Symbol;}) ();"
}
[1591591171.403][DEBUG]: DevTools WebSocket Command: Runtime.evaluate (id=2) 8D501A31EA819ACA5B130EFFFC4D1CF4 {
   "expression": "(function () {window.cdc_adoQpoasnfa76pfcZLmcfl_Array = window.Array;window.cdc_adoQpoasnfa76pfcZLmcfl_Promise = window.Promise;window.cdc_adoQpoasnfa76pfcZLmcfl_Symbol = window.Symbol;}) ();"
}
[1591591171.403][DEBUG]: DevTools WebSocket Command: Log.enable (id=3) 8D501A31EA819ACA5B130EFFFC4D1CF4 {

}
[1591591171.403][DEBUG]: DevTools WebSocket Command: DOM.getDocument (id=4) 8D501A31EA819ACA5B130EFFFC4D1CF4 {

}
[1591591171.403][DEBUG]: DevTools WebSocket Command: Target.setAutoAttach (id=5) 8D501A31EA819ACA5B130EFFFC4D1CF4 {
   "autoAttach": true,
   "flatten": true,
   "waitForDebuggerOnStart": false
}
[1591591171.404][DEBUG]: DevTools WebSocket Command: Page.enable (id=6) 8D501A31EA819ACA5B130EFFFC4D1CF4 {

}
[1591591171.404][DEBUG]: DevTools WebSocket Command: Browser.setDownloadBehavior (id=7) 8D501A31EA819ACA5B130EFFFC4D1CF4 {
   "behavior": "allow",
   "downloadPath": "."
}
[1591591171.404][DEBUG]: DevTools WebSocket Command: Page.enable (id=8) 8D501A31EA819ACA5B130EFFFC4D1CF4 {

}
[1591591171.405][DEBUG]: DevTools WebSocket Response: Browser.setDownloadBehavior (id=7) 8D501A31EA819ACA5B130EFFFC4D1CF4 {

}
[1591591171.461][DEBUG]: DevTools WebSocket Response: Page.addScriptToEvaluateOnNewDocument (id=1) 8D501A31EA819ACA5B130EFFFC4D1CF4 {
   "identifier": "1"
}
[1591591171.464][DEBUG]: DevTools WebSocket Response: Runtime.evaluate (id=2) 8D501A31EA819ACA5B130EFFFC4D1CF4 {
   "result": {
      "type": "undefined"
   }
}
[1591591171.464][DEBUG]: DevTools WebSocket Response: Log.enable (id=3) 8D501A31EA819ACA5B130EFFFC4D1CF4 {

}
[1591591171.464][DEBUG]: DevTools WebSocket Response: DOM.getDocument (id=4) 8D501A31EA819ACA5B130EFFFC4D1CF4 {
   "root": {
      "backendNodeId": 2,
      "baseURL": "data:,",
      "childNodeCount": 0,
      "children": [  ],
      "documentURL": "data:,",
      "localName": "",
      "nodeId": 1,
      "nodeName": "#document",
      "nodeType": 9,
      "nodeValue": "",
      "xmlVersion": ""
   }
}
[1591591171.464][DEBUG]: DevTools WebSocket Response: Target.setAutoAttach (id=5) 8D501A31EA819ACA5B130EFFFC4D1CF4 {

}
[1591591171.464][DEBUG]: DevTools WebSocket Response: Page.enable (id=6) 8D501A31EA819ACA5B130EFFFC4D1CF4 {

}
[1591591171.465][DEBUG]: DevTools WebSocket Response: Page.enable (id=8) 8D501A31EA819ACA5B130EFFFC4D1CF4 {

}
[1591591171.465][DEBUG]: DevTools WebSocket Command: Runtime.enable (id=9) 8D501A31EA819ACA5B130EFFFC4D1CF4 {

}
[1591591171.472][DEBUG]: DevTools WebSocket Event: DOM.childNodeInserted 8D501A31EA819ACA5B130EFFFC4D1CF4 {
   "node": {
      "attributes": [  ],
      "backendNodeId": 3,
      "childNodeCount": 0,
      "frameId": "8D501A31EA819ACA5B130EFFFC4D1CF4",
      "localName": "html",
      "nodeId": 2,
      "nodeName": "HTML",
      "nodeType": 1,
      "nodeValue": ""
   },
   "parentNodeId": 1,
   "previousNodeId": 0
}
[1591591171.472][DEBUG]: DevTools WebSocket Event: DOM.childNodeCountUpdated 8D501A31EA819ACA5B130EFFFC4D1CF4 {
   "childNodeCount": 1,
   "nodeId": 2
}
[1591591171.472][DEBUG]: DevTools WebSocket Event: DOM.childNodeCountUpdated 8D501A31EA819ACA5B130EFFFC4D1CF4 {
   "childNodeCount": 2,
   "nodeId": 2
}
[1591591171.472][DEBUG]: DevTools WebSocket Event: Page.loadEventFired 8D501A31EA819ACA5B130EFFFC4D1CF4 {
   "timestamp": 1485.629428
}
[1591591171.472][DEBUG]: DevTools WebSocket Event: Page.frameStoppedLoading 8D501A31EA819ACA5B130EFFFC4D1CF4 {
   "frameId": "8D501A31EA819ACA5B130EFFFC4D1CF4"
}
[1591591171.472][DEBUG]: DevTools WebSocket Event: DOM.documentUpdated 8D501A31EA819ACA5B130EFFFC4D1CF4 {

}
[1591591171.472][DEBUG]: DevTools WebSocket Command: DOM.getDocument (id=10) 8D501A31EA819ACA5B130EFFFC4D1CF4 {

}
[1591591171.473][DEBUG]: DevTools WebSocket Event: Page.domContentEventFired 8D501A31EA819ACA5B130EFFFC4D1CF4 {
   "timestamp": 1485.631371
}
[1591591171.473][DEBUG]: DevTools WebSocket Event: Runtime.executionContextCreated 8D501A31EA819ACA5B130EFFFC4D1CF4 {
   "context": {
      "auxData": {
         "frameId": "8D501A31EA819ACA5B130EFFFC4D1CF4",
         "isDefault": true,
         "type": "default"
      },
      "id": 1,
      "name": "",
      "origin": "://"
   }
}
[1591591171.473][DEBUG]: DevTools WebSocket Response: Runtime.enable (id=9) 8D501A31EA819ACA5B130EFFFC4D1CF4 {

}
[1591591171.473][DEBUG]: DevTools WebSocket Command: Page.enable (id=11) 8D501A31EA819ACA5B130EFFFC4D1CF4 {

}
[1591591171.481][DEBUG]: DevTools WebSocket Response: DOM.getDocument (id=10) 8D501A31EA819ACA5B130EFFFC4D1CF4 {
   "root": {
      "backendNodeId": 2,
      "baseURL": "data:,",
      "childNodeCount": 1,
      "children": [ {
         "attributes": [  ],
         "backendNodeId": 3,
         "childNodeCount": 2,
         "children": [ {
            "attributes": [  ],
            "backendNodeId": 4,
            "childNodeCount": 0,
            "localName": "head",
            "nodeId": 5,
            "nodeName": "HEAD",
            "nodeType": 1,
            "nodeValue": "",
            "parentId": 4
         }, {
            "attributes": [  ],
            "backendNodeId": 5,
            "childNodeCount": 0,
            "localName": "body",
            "nodeId": 6,
            "nodeName": "BODY",
            "nodeType": 1,
            "nodeValue": "",
            "parentId": 4
         } ],
         "frameId": "8D501A31EA819ACA5B130EFFFC4D1CF4",
         "localName": "html",
         "nodeId": 4,
         "nodeName": "HTML",
         "nodeType": 1,
         "nodeValue": "",
         "parentId": 3
      } ],
      "documentURL": "data:,",
      "localName": "",
      "nodeId": 3,
      "nodeName": "#document",
      "nodeType": 9,
      "nodeValue": "",
      "xmlVersion": ""
   }
}
[1591591171.481][DEBUG]: DevTools WebSocket Response: Page.enable (id=11) 8D501A31EA819ACA5B130EFFFC4D1CF4 {

}
[1591591171.481][DEBUG]: DevTools WebSocket Command: Runtime.enable (id=12) 8D501A31EA819ACA5B130EFFFC4D1CF4 {

}
[1591591171.481][DEBUG]: DevTools WebSocket Response: Runtime.enable (id=12) 8D501A31EA819ACA5B130EFFFC4D1CF4 {

}
[1591591171.482][DEBUG]: DevTools WebSocket Command: Runtime.evaluate (id=13) 8D501A31EA819ACA5B130EFFFC4D1CF4 {
   "awaitPromise": true,
   "expression": "(function() { // Copyright (c) 2012 The Chromium Authors. All rights reserved.\n// Use of this source code is governed by a BSD-style license that can be\n// found in the LICENSE file.\n\n/**\n * Enum f...",
   "returnByValue": true
}
[1591591171.485][DEBUG]: DevTools WebSocket Response: Runtime.evaluate (id=13) 8D501A31EA819ACA5B130EFFFC4D1CF4 {
   "result": {
      "type": "object",
      "value": {
         "status": 0,
         "value": 1
      }
   }
}
[1591591171.485][INFO]: [4046697ef3683f2304f9d652bc3a1392] RESPONSE InitSession {
   "capabilities": {
      "acceptInsecureCerts": false,
      "browserName": "chrome",
      "browserVersion": "83.0.4103.97",
      "chrome": {
         "chromedriverVersion": "83.0.4103.39 (ccbf011cb2d2b19b506d844400483861342c20cd-refs/branch-heads/4103@{#416})",
         "userDataDir": "/tmp/.com.google.Chrome.Ztgn8Y"
      },
      "goog:chromeOptions": {
         "debuggerAddress": "localhost:33815"
      },
      "networkConnectionEnabled": false,
      "pageLoadStrategy": "normal",
      "platformName": "linux",
      "proxy": {

      },
      "setWindowRect": true,
      "strictFileInteractability": false,
      "timeouts": {
         "implicit": 0,
         "pageLoad": 300000,
         "script": 30000
      },
      "unhandledPromptBehavior": "dismiss and notify",
      "webauthn:virtualAuthenticators": true
   },
   "sessionId": "4046697ef3683f2304f9d652bc3a1392"
}
[1591591171.560][INFO]: [4046697ef3683f2304f9d652bc3a1392] COMMAND Navigate {
   "url": "http://34.69.184.238:9090/calculator"
}
[1591591171.560][INFO]: Waiting for pending navigations...
[1591591171.560][DEBUG]: DevTools WebSocket Command: Runtime.evaluate (id=14) 8D501A31EA819ACA5B130EFFFC4D1CF4 {
   "expression": "1"
}
[1591591171.561][DEBUG]: DevTools WebSocket Response: Runtime.evaluate (id=14) 8D501A31EA819ACA5B130EFFFC4D1CF4 {
   "result": {
      "description": "1",
      "type": "number",
      "value": 1
   }
}
[1591591171.561][INFO]: Done waiting for pending navigations. Status: ok
[1591591171.561][DEBUG]: DevTools WebSocket Command: Page.navigate (id=15) 8D501A31EA819ACA5B130EFFFC4D1CF4 {
   "url": "http://34.69.184.238:9090/calculator"
}
[1591591171.596][DEBUG]: DevTools WebSocket Response: Page.navigate (id=15) 8D501A31EA819ACA5B130EFFFC4D1CF4 {
   "frameId": "8D501A31EA819ACA5B130EFFFC4D1CF4",
   "loaderId": "F8CA9406F3D4BE25C7554D8B1A23D05C"
}
[1591591171.596][DEBUG]: DevTools WebSocket Command: Runtime.evaluate (id=16) 8D501A31EA819ACA5B130EFFFC4D1CF4 {
   "expression": "document.URL"
}
[1591591171.606][DEBUG]: DevTools WebSocket Event: Runtime.executionContextsCleared 8D501A31EA819ACA5B130EFFFC4D1CF4 {

}
[1591591171.608][DEBUG]: DevTools WebSocket Event: Page.frameStartedLoading 8D501A31EA819ACA5B130EFFFC4D1CF4 {
   "frameId": "8D501A31EA819ACA5B130EFFFC4D1CF4"
}
[1591591171.622][DEBUG]: DevTools WebSocket Event: Runtime.executionContextsCleared 8D501A31EA819ACA5B130EFFFC4D1CF4 {

}
[1591591171.623][DEBUG]: DevTools WebSocket Event: Page.frameNavigated 8D501A31EA819ACA5B130EFFFC4D1CF4 {
   "frame": {
      "id": "8D501A31EA819ACA5B130EFFFC4D1CF4",
      "loaderId": "F8CA9406F3D4BE25C7554D8B1A23D05C",
      "mimeType": "text/html",
      "securityOrigin": "http://34.69.184.238:9090",
      "url": "http://34.69.184.238:9090/calculator/"
   }
}
[1591591171.623][DEBUG]: DevTools WebSocket Event: DOM.documentUpdated 8D501A31EA819ACA5B130EFFFC4D1CF4 {

}
[1591591171.623][DEBUG]: DevTools WebSocket Command: DOM.getDocument (id=17) 8D501A31EA819ACA5B130EFFFC4D1CF4 {

}
[1591591171.623][DEBUG]: DevTools WebSocket Event: Runtime.executionContextCreated 8D501A31EA819ACA5B130EFFFC4D1CF4 {
   "context": {
      "auxData": {
         "frameId": "8D501A31EA819ACA5B130EFFFC4D1CF4",
         "isDefault": true,
         "type": "default"
      },
      "id": 1,
      "name": "",
      "origin": "http://34.69.184.238:9090"
   }
}
[1591591171.628][DEBUG]: DevTools WebSocket Response: Runtime.evaluate (id=16) 8D501A31EA819ACA5B130EFFFC4D1CF4 {
   "result": {
      "type": "string",
      "value": "http://34.69.184.238:9090/calculator/"
   }
}
[1591591171.628][INFO]: Waiting for pending navigations...
[1591591171.628][DEBUG]: DevTools WebSocket Command: Runtime.evaluate (id=18) 8D501A31EA819ACA5B130EFFFC4D1CF4 {
   "expression": "1"
}
[1591591171.628][DEBUG]: DevTools WebSocket Response: DOM.getDocument (id=17) 8D501A31EA819ACA5B130EFFFC4D1CF4 {
   "root": {
      "backendNodeId": 1,
      "baseURL": "http://34.69.184.238:9090/calculator/",
      "childNodeCount": 0,
      "children": [  ],
      "documentURL": "http://34.69.184.238:9090/calculator/",
      "localName": "",
      "nodeId": 1,
      "nodeName": "#document",
      "nodeType": 9,
      "nodeValue": "",
      "xmlVersion": ""
   }
}
[1591591171.630][DEBUG]: DevTools WebSocket Response: Runtime.evaluate (id=18) 8D501A31EA819ACA5B130EFFFC4D1CF4 {
   "result": {
      "description": "1",
      "type": "number",
      "value": 1
   }
}
[1591591171.630][DEBUG]: DevTools WebSocket Command: DOM.getDocument (id=19) 8D501A31EA819ACA5B130EFFFC4D1CF4 {

}
[1591591171.630][DEBUG]: DevTools WebSocket Response: DOM.getDocument (id=19) 8D501A31EA819ACA5B130EFFFC4D1CF4 {
   "root": {
      "backendNodeId": 1,
      "baseURL": "http://34.69.184.238:9090/calculator/",
      "childNodeCount": 0,
      "children": [  ],
      "documentURL": "http://34.69.184.238:9090/calculator/",
      "localName": "",
      "nodeId": 2,
      "nodeName": "#document",
      "nodeType": 9,
      "nodeValue": "",
      "xmlVersion": ""
   }
}
[1591591171.631][DEBUG]: DevTools WebSocket Command: Runtime.evaluate (id=20) 8D501A31EA819ACA5B130EFFFC4D1CF4 {
   "awaitPromise": true,
   "expression": "document.readyState",
   "returnByValue": true
}
[1591591171.693][DEBUG]: DevTools WebSocket Event: DOM.childNodeInserted 8D501A31EA819ACA5B130EFFFC4D1CF4 {
   "node": {
      "backendNodeId": 2,
      "localName": "",
      "nodeId": 3,
      "nodeName": "html",
      "nodeType": 10,
      "nodeValue": "",
      "publicId": "-//W3C//DTD HTML 4.01 Transitional//EN",
      "systemId": "http://www.w3.org/TR/html4/loose.dtd"
   },
   "parentNodeId": 2,
   "previousNodeId": 0
}
[1591591171.694][DEBUG]: DevTools WebSocket Event: DOM.childNodeInserted 8D501A31EA819ACA5B130EFFFC4D1CF4 {
   "node": {
      "attributes": [  ],
      "backendNodeId": 3,
      "childNodeCount": 0,
      "frameId": "8D501A31EA819ACA5B130EFFFC4D1CF4",
      "localName": "html",
      "nodeId": 4,
      "nodeName": "HTML",
      "nodeType": 1,
      "nodeValue": ""
   },
   "parentNodeId": 2,
   "previousNodeId": 3
}
[1591591171.694][DEBUG]: DevTools WebSocket Event: DOM.childNodeCountUpdated 8D501A31EA819ACA5B130EFFFC4D1CF4 {
   "childNodeCount": 1,
   "nodeId": 4
}
[1591591171.694][DEBUG]: DevTools WebSocket Event: DOM.childNodeCountUpdated 8D501A31EA819ACA5B130EFFFC4D1CF4 {
   "childNodeCount": 2,
   "nodeId": 4
}
[1591591171.695][DEBUG]: DevTools WebSocket Response: Runtime.evaluate (id=20) 8D501A31EA819ACA5B130EFFFC4D1CF4 {
   "result": {
      "type": "string",
      "value": "loading"
   }
}
[1591591171.792][DEBUG]: DevTools WebSocket Event: Page.loadEventFired 8D501A31EA819ACA5B130EFFFC4D1CF4 {
   "timestamp": 1485.950049
}
[1591591171.792][DEBUG]: DevTools WebSocket Command: Runtime.evaluate (id=21) 8D501A31EA819ACA5B130EFFFC4D1CF4 {
   "expression": "1"
}
[1591591171.792][DEBUG]: DevTools WebSocket Event: Page.frameStoppedLoading 8D501A31EA819ACA5B130EFFFC4D1CF4 {
   "frameId": "8D501A31EA819ACA5B130EFFFC4D1CF4"
}
[1591591171.793][DEBUG]: DevTools WebSocket Event: DOM.documentUpdated 8D501A31EA819ACA5B130EFFFC4D1CF4 {

}
[1591591171.793][DEBUG]: DevTools WebSocket Command: DOM.getDocument (id=22) 8D501A31EA819ACA5B130EFFFC4D1CF4 {

}
[1591591171.794][DEBUG]: DevTools WebSocket Event: Page.domContentEventFired 8D501A31EA819ACA5B130EFFFC4D1CF4 {
   "timestamp": 1485.951643
}
[1591591171.795][DEBUG]: DevTools WebSocket Response: Runtime.evaluate (id=21) 8D501A31EA819ACA5B130EFFFC4D1CF4 {
   "result": {
      "description": "1",
      "type": "number",
      "value": 1
   }
}
[1591591171.795][INFO]: Done waiting for pending navigations. Status: ok
[1591591171.795][INFO]: [4046697ef3683f2304f9d652bc3a1392] RESPONSE Navigate
[1591591171.802][INFO]: [4046697ef3683f2304f9d652bc3a1392] COMMAND SetTimeouts {
   "implicit": 3000
}
[1591591171.802][INFO]: [4046697ef3683f2304f9d652bc3a1392] RESPONSE SetTimeouts
[1591591171.808][INFO]: [4046697ef3683f2304f9d652bc3a1392] COMMAND FindElement {
   "using": "xpath",
   "value": "/html/body/h1"
}
[1591591171.808][DEBUG]: DevTools WebSocket Response: DOM.getDocument (id=22) 8D501A31EA819ACA5B130EFFFC4D1CF4 {
   "root": {
      "backendNodeId": 1,
      "baseURL": "http://34.69.184.238:9090/calculator/",
      "childNodeCount": 2,
      "children": [ {
         "backendNodeId": 2,
         "localName": "",
         "nodeId": 6,
         "nodeName": "html",
         "nodeType": 10,
         "nodeValue": "",
         "parentId": 5,
         "publicId": "-//W3C//DTD HTML 4.01 Transitional//EN",
         "systemId": "http://www.w3.org/TR/html4/loose.dtd"
      }, {
         "attributes": [  ],
         "backendNodeId": 3,
         "childNodeCount": 2,
         "children": [ {
            "attributes": [  ],
            "backendNodeId": 8,
            "childNodeCount": 2,
            "localName": "head",
            "nodeId": 8,
            "nodeName": "HEAD",
            "nodeType": 1,
            "nodeValue": "",
            "parentId": 7
         }, {
            "attributes": [  ],
            "backendNodeId": 9,
            "childNodeCount": 2,
            "localName": "body",
            "nodeId": 9,
            "nodeName": "BODY",
            "nodeType": 1,
            "nodeValue": "",
            "parentId": 7
         } ],
         "frameId": "8D501A31EA819ACA5B130EFFFC4D1CF4",
         "localName": "html",
         "nodeId": 7,
         "nodeName": "HTML",
         "nodeType": 1,
         "nodeValue": "",
         "parentId": 5
      } ],
      "documentURL": "http://34.69.184.238:9090/calculator/",
      "localName": "",
      "nodeId": 5,
      "nodeName": "#document",
      "nodeType": 9,
      "nodeValue": "",
      "xmlVersion": ""
   }
}
[1591591171.808][INFO]: Waiting for pending navigations...
[1591591171.808][DEBUG]: DevTools WebSocket Command: Runtime.evaluate (id=23) 8D501A31EA819ACA5B130EFFFC4D1CF4 {
   "expression": "1"
}
[1591591171.809][DEBUG]: DevTools WebSocket Response: Runtime.evaluate (id=23) 8D501A31EA819ACA5B130EFFFC4D1CF4 {
   "result": {
      "description": "1",
      "type": "number",
      "value": 1
   }
}
[1591591171.809][INFO]: Done waiting for pending navigations. Status: ok
[1591591171.811][DEBUG]: DevTools WebSocket Command: Runtime.evaluate (id=24) 8D501A31EA819ACA5B130EFFFC4D1CF4 {
   "awaitPromise": true,
   "expression": "(function() { // Copyright (c) 2012 The Chromium Authors. All rights reserved.\n// Use of this source code is governed by a BSD-style license that can be\n// found in the LICENSE file.\n\n/**\n * Enum f...",
   "returnByValue": true
}
[1591591171.821][DEBUG]: DevTools WebSocket Response: Runtime.evaluate (id=24) 8D501A31EA819ACA5B130EFFFC4D1CF4 {
   "result": {
      "type": "object",
      "value": {
         "status": 0,
         "value": {
            "element-6066-11e4-a52e-4f735466cecf": "808edc5d-66ec-4970-bd99-05e0b70140ea"
         }
      }
   }
}
[1591591171.821][INFO]: Waiting for pending navigations...
[1591591171.821][DEBUG]: DevTools WebSocket Command: Runtime.evaluate (id=25) 8D501A31EA819ACA5B130EFFFC4D1CF4 {
   "expression": "1"
}
[1591591171.821][DEBUG]: DevTools WebSocket Response: Runtime.evaluate (id=25) 8D501A31EA819ACA5B130EFFFC4D1CF4 {
   "result": {
      "description": "1",
      "type": "number",
      "value": 1
   }
}
[1591591171.821][INFO]: Done waiting for pending navigations. Status: ok
[1591591171.821][INFO]: [4046697ef3683f2304f9d652bc3a1392] RESPONSE FindElement {
   "element-6066-11e4-a52e-4f735466cecf": "808edc5d-66ec-4970-bd99-05e0b70140ea"
}
[1591591171.830][INFO]: [4046697ef3683f2304f9d652bc3a1392] COMMAND GetElementText {
   "id": "808edc5d-66ec-4970-bd99-05e0b70140ea"
}
[1591591171.830][INFO]: Waiting for pending navigations...
[1591591171.830][DEBUG]: DevTools WebSocket Command: Runtime.evaluate (id=26) 8D501A31EA819ACA5B130EFFFC4D1CF4 {
   "expression": "1"
}
[1591591171.830][DEBUG]: DevTools WebSocket Response: Runtime.evaluate (id=26) 8D501A31EA819ACA5B130EFFFC4D1CF4 {
   "result": {
      "description": "1",
      "type": "number",
      "value": 1
   }
}
[1591591171.830][INFO]: Done waiting for pending navigations. Status: ok
[1591591171.832][DEBUG]: DevTools WebSocket Command: Runtime.evaluate (id=27) 8D501A31EA819ACA5B130EFFFC4D1CF4 {
   "awaitPromise": true,
   "expression": "(function() { // Copyright (c) 2012 The Chromium Authors. All rights reserved.\n// Use of this source code is governed by a BSD-style license that can be\n// found in the LICENSE file.\n\n/**\n * Enum f...",
   "returnByValue": true
}
[1591591171.843][DEBUG]: DevTools WebSocket Response: Runtime.evaluate (id=27) 8D501A31EA819ACA5B130EFFFC4D1CF4 {
   "result": {
      "type": "object",
      "value": {
         "status": 0,
         "value": "Demo Calculator - by Prashant Beniwal for Edureka DevOps Certification May-2020 new version"
      }
   }
}
[1591591171.843][INFO]: Waiting for pending navigations...
[1591591171.843][DEBUG]: DevTools WebSocket Command: Runtime.evaluate (id=28) 8D501A31EA819ACA5B130EFFFC4D1CF4 {
   "expression": "1"
}
[1591591171.844][DEBUG]: DevTools WebSocket Response: Runtime.evaluate (id=28) 8D501A31EA819ACA5B130EFFFC4D1CF4 {
   "result": {
      "description": "1",
      "type": "number",
      "value": 1
   }
}
[1591591171.844][INFO]: Done waiting for pending navigations. Status: ok
[1591591171.844][INFO]: [4046697ef3683f2304f9d652bc3a1392] RESPONSE GetElementText "Demo Calculator - by Prashant Beniwal for Edureka DevOps Certification May-2020 new version"
[1591591176.848][INFO]: [4046697ef3683f2304f9d652bc3a1392] COMMAND Quit {

}
[1591591176.900][INFO]: [4046697ef3683f2304f9d652bc3a1392] RESPONSE Quit
[1591591176.900][DEBUG]: Log type 'driver' lost 0 entries on destruction
[1591591176.900][DEBUG]: Log type 'browser' lost 0 entries on destruction
